{
  "RSpec": {
    "coverage": {
      "/Users/jaiken/projects/gems/xbmc_sql/spec/factories/movie.rb": [
        1,
        1,
        1,
        null,
        null
      ],
      "/Users/jaiken/projects/gems/xbmc_sql/app/models/xbmc_sql/movie.rb": [
        1,
        1,
        1,
        null,
        1,
        1,
        1,
        null,
        5,
        null,
        1,
        null,
        null,
        null,
        null,
        null,
        null,
        null,
        null,
        null,
        null,
        null,
        null,
        null,
        null,
        null,
        null,
        null,
        null,
        null,
        null,
        null,
        null,
        null,
        null,
        null,
        null,
        1,
        1,
        null,
        1,
        1,
        0,
        null,
        1,
        null,
        null,
        null,
        1,
        6,
        0,
        null,
        6,
        null,
        null,
        6,
        3,
        null,
        3,
        3,
        null,
        null,
        null,
        null,
        1,
        2,
        null,
        null,
        1,
        1,
        1,
        1,
        null,
        1,
        null,
        null,
        null,
        null
      ],
      "/Users/jaiken/projects/gems/xbmc_sql/app/models/xbmc_sql/base.rb": [
        1,
        1,
        1,
        null,
        1,
        null,
        1,
        null,
        1,
        1,
        1,
        null,
        null,
        1,
        4,
        41,
        null,
        null,
        1,
        0,
        0,
        0,
        null,
        0,
        null,
        null,
        0,
        null,
        null,
        null,
        1,
        null,
        1,
        1,
        null,
        null,
        1,
        2,
        null,
        null,
        1,
        0,
        null,
        null,
        null
      ],
      "/Users/jaiken/projects/gems/xbmc_sql/spec/factories/path.rb": [
        1,
        1,
        1,
        null,
        null
      ],
      "/Users/jaiken/projects/gems/xbmc_sql/app/models/xbmc_sql/path.rb": [
        1,
        1,
        1,
        null,
        1,
        null,
        1,
        null,
        null,
        null,
        null,
        null,
        null,
        null,
        null,
        null,
        null,
        null,
        null,
        null,
        1,
        2,
        null,
        null,
        1,
        2,
        2,
        1,
        null,
        null,
        null,
        null,
        null
      ],
      "/Users/jaiken/projects/gems/xbmc_sql/spec/lib/xbmc_sql/rating_updater_spec.rb": [
        1,
        null,
        1,
        null,
        4,
        null,
        1,
        2,
        null,
        1,
        1,
        1,
        null,
        null,
        null,
        1,
        3,
        null,
        1,
        2,
        null,
        1,
        1,
        1,
        1,
        null,
        null,
        null,
        1,
        2,
        2,
        null,
        2,
        null,
        1,
        2,
        2,
        null,
        1,
        1,
        1,
        1,
        1,
        null,
        null,
        null,
        null,
        null
      ],
      "/Users/jaiken/projects/gems/xbmc_sql/spec/lib/xbmc_sql/top_250_updater_spec.rb": [
        1,
        null,
        1,
        null,
        3,
        3,
        null,
        1,
        3,
        null,
        3,
        null,
        1,
        1,
        1,
        1,
        1,
        1,
        1,
        null,
        null,
        null,
        1,
        1,
        1,
        1,
        1,
        1,
        1,
        null,
        null,
        null,
        null,
        1,
        1,
        null,
        null,
        1,
        1,
        null,
        null,
        1,
        1,
        null,
        null,
        1,
        1,
        null,
        null
      ],
      "/Users/jaiken/projects/gems/xbmc_sql/spec/lib/xbmc_sql_spec.rb": [
        1,
        null,
        1,
        1,
        1,
        1,
        1,
        1,
        null,
        null,
        null,
        1,
        1,
        2,
        null,
        1,
        1,
        null,
        null,
        null,
        1,
        2,
        null,
        1,
        1,
        null,
        null,
        null,
        null
      ],
      "/Users/jaiken/projects/gems/xbmc_sql/spec/models/xbmc_sql/base_spec.rb": [
        1,
        null,
        1,
        1,
        null,
        null,
        null
      ],
      "/Users/jaiken/projects/gems/xbmc_sql/spec/models/xbmc_sql/file_spec.rb": [
        1,
        null,
        1,
        2,
        2,
        null,
        1,
        6,
        null,
        2,
        2,
        2,
        2,
        2,
        null,
        null
      ],
      "/Users/jaiken/projects/gems/xbmc_sql/app/models/xbmc_sql/file.rb": [
        1,
        1,
        1,
        null,
        1,
        1,
        null,
        1,
        null,
        null,
        null,
        null,
        null,
        null,
        null,
        null,
        null
      ],
      "/Users/jaiken/projects/gems/xbmc_sql/spec/models/xbmc_sql/movie_spec.rb": [
        1,
        null,
        1,
        1,
        2,
        2,
        2,
        null,
        28,
        null,
        1,
        21,
        null,
        2,
        2,
        2,
        2,
        2,
        2,
        2,
        2,
        2,
        2,
        2,
        2,
        2,
        2,
        2,
        2,
        2,
        2,
        2,
        2,
        null,
        null,
        1,
        1,
        1,
        null,
        null,
        null,
        1,
        4,
        3,
        null,
        1,
        2,
        null,
        1,
        1,
        null,
        null,
        null,
        1,
        2,
        2,
        null,
        1,
        1,
        null,
        null,
        null,
        1,
        2,
        2,
        null,
        1,
        1,
        null,
        null,
        null,
        null,
        1,
        1,
        3,
        null,
        1,
        2,
        null,
        1,
        1,
        1,
        null,
        null,
        null,
        1,
        2,
        null,
        2,
        2,
        null,
        1,
        1,
        1,
        null,
        1,
        1,
        null,
        1,
        null,
        null,
        null,
        null,
        null,
        1,
        2,
        null,
        1,
        1,
        1,
        1,
        null,
        null,
        null,
        null
      ],
      "/Users/jaiken/projects/gems/xbmc_sql/spec/models/xbmc_sql/path_spec.rb": [
        1,
        null,
        1,
        2,
        null,
        1,
        8,
        null,
        2,
        2,
        2,
        2,
        2,
        2,
        2,
        null,
        null,
        1,
        2,
        2,
        null,
        1,
        1,
        null,
        null,
        1,
        1,
        null,
        null,
        null,
        1,
        3,
        3,
        null,
        1,
        1,
        1,
        null,
        null,
        null,
        1,
        2,
        null,
        1,
        1,
        null,
        null,
        null,
        null
      ],
      "/Users/jaiken/projects/gems/xbmc_sql/spec/models/xbmc_sql/set_spec.rb": [
        1,
        null,
        1,
        2,
        null
      ],
      "/Users/jaiken/projects/gems/xbmc_sql/app/models/xbmc_sql/set.rb": [
        1,
        1,
        1,
        null,
        1,
        null,
        1,
        null,
        null
      ]
    },
    "timestamp": 1418168456
  }
}
